{"/Users/sebastiankravetz/+ DEV/PRUEBA_BANCOINTERNACIONAL/word_count_app/vite_frontend/src/components/Btn.jsx": {"path":"/Users/sebastiankravetz/+ DEV/PRUEBA_BANCOINTERNACIONAL/word_count_app/vite_frontend/src/components/Btn.jsx","statementMap":{"0":{"start":{"line":4,"column":19},"end":{"line":14,"column":1}},"1":{"start":{"line":5,"column":2},"end":{"line":13,"column":4}},"2":{"start":{"line":10,"column":31},"end":{"line":10,"column":55}},"3":{"start":{"line":10,"column":52},"end":{"line":10,"column":54}}},"fnMap":{"0":{"name":"(anonymous_0)","decl":{"start":{"line":4,"column":19},"end":{"line":4,"column":20}},"loc":{"start":{"line":4,"column":55},"end":{"line":14,"column":1}},"line":4},"1":{"name":"(anonymous_1)","decl":{"start":{"line":10,"column":25},"end":{"line":10,"column":26}},"loc":{"start":{"line":10,"column":31},"end":{"line":10,"column":55}},"line":10},"2":{"name":"(anonymous_2)","decl":{"start":{"line":10,"column":47},"end":{"line":10,"column":48}},"loc":{"start":{"line":10,"column":52},"end":{"line":10,"column":54}},"line":10}},"branchMap":{"0":{"loc":{"start":{"line":7,"column":7},"end":{"line":11,"column":7}},"type":"cond-expr","locations":[{"start":{"line":8,"column":8},"end":{"line":8,"column":56}},{"start":{"line":10,"column":8},"end":{"line":10,"column":75}}],"line":7}},"s":{"0":2,"1":2,"2":1,"3":0},"f":{"0":2,"1":1,"2":0},"b":{"0":[1,1]},"_coverageSchema":"1a1c01bbd47fc00a2c39e90264f33305004495a9","hash":"4958601906efdcf97ab22213549396ee7951f204"}
,"/Users/sebastiankravetz/+ DEV/PRUEBA_BANCOINTERNACIONAL/word_count_app/vite_frontend/src/components/FilterSelect.jsx": {"path":"/Users/sebastiankravetz/+ DEV/PRUEBA_BANCOINTERNACIONAL/word_count_app/vite_frontend/src/components/FilterSelect.jsx","statementMap":{"0":{"start":{"line":4,"column":21},"end":{"line":26,"column":1}},"1":{"start":{"line":5,"column":2},"end":{"line":25,"column":4}},"2":{"start":{"line":13,"column":23},"end":{"line":13,"column":59}},"3":{"start":{"line":17,"column":10},"end":{"line":21,"column":12}},"4":{"start":{"line":28,"column":0},"end":{"line":33,"column":2}},"5":{"start":{"line":35,"column":0},"end":{"line":37,"column":2}}},"fnMap":{"0":{"name":"(anonymous_0)","decl":{"start":{"line":4,"column":21},"end":{"line":4,"column":22}},"loc":{"start":{"line":4,"column":60},"end":{"line":26,"column":1}},"line":4},"1":{"name":"(anonymous_1)","decl":{"start":{"line":13,"column":18},"end":{"line":13,"column":19}},"loc":{"start":{"line":13,"column":23},"end":{"line":13,"column":59}},"line":13},"2":{"name":"(anonymous_2)","decl":{"start":{"line":16,"column":21},"end":{"line":16,"column":22}},"loc":{"start":{"line":16,"column":40},"end":{"line":22,"column":9}},"line":16}},"branchMap":{},"s":{"0":3,"1":4,"2":3,"3":9,"4":3,"5":3},"f":{"0":4,"1":3,"2":9},"b":{},"_coverageSchema":"1a1c01bbd47fc00a2c39e90264f33305004495a9","hash":"5f1ee8ef39e7f8b083788d3fd6d570b27f6881f6"}
,"/Users/sebastiankravetz/+ DEV/PRUEBA_BANCOINTERNACIONAL/word_count_app/vite_frontend/src/components/Filters.jsx": {"path":"/Users/sebastiankravetz/+ DEV/PRUEBA_BANCOINTERNACIONAL/word_count_app/vite_frontend/src/components/Filters.jsx","statementMap":{"0":{"start":{"line":7,"column":16},"end":{"line":42,"column":1}},"1":{"start":{"line":13,"column":2},"end":{"line":41,"column":4}},"2":{"start":{"line":44,"column":0},"end":{"line":49,"column":2}}},"fnMap":{"0":{"name":"(anonymous_0)","decl":{"start":{"line":7,"column":16},"end":{"line":7,"column":17}},"loc":{"start":{"line":12,"column":6},"end":{"line":42,"column":1}},"line":12}},"branchMap":{},"s":{"0":2,"1":0,"2":2},"f":{"0":0},"b":{},"_coverageSchema":"1a1c01bbd47fc00a2c39e90264f33305004495a9","hash":"db67efe8b56bb07098fc9a9b2d7c2828ec6dcd2c"}
,"/Users/sebastiankravetz/+ DEV/PRUEBA_BANCOINTERNACIONAL/word_count_app/vite_frontend/src/components/Heading.jsx": {"path":"/Users/sebastiankravetz/+ DEV/PRUEBA_BANCOINTERNACIONAL/word_count_app/vite_frontend/src/components/Heading.jsx","statementMap":{"0":{"start":{"line":3,"column":23},"end":{"line":23,"column":1}},"1":{"start":{"line":4,"column":2},"end":{"line":22,"column":4}}},"fnMap":{"0":{"name":"(anonymous_0)","decl":{"start":{"line":3,"column":23},"end":{"line":3,"column":24}},"loc":{"start":{"line":3,"column":46},"end":{"line":23,"column":1}},"line":3}},"branchMap":{"0":{"loc":{"start":{"line":8,"column":9},"end":{"line":19,"column":9}},"type":"cond-expr","locations":[{"start":{"line":9,"column":10},"end":{"line":9,"column":28}},{"start":{"line":11,"column":10},"end":{"line":18,"column":13}}],"line":8}},"s":{"0":2,"1":0},"f":{"0":0},"b":{"0":[0,0]},"_coverageSchema":"1a1c01bbd47fc00a2c39e90264f33305004495a9","hash":"43f9f22be88c5d66890d7f5b62d184283a0fa5b9"}
,"/Users/sebastiankravetz/+ DEV/PRUEBA_BANCOINTERNACIONAL/word_count_app/vite_frontend/src/components/LoadingSpinner.jsx": {"path":"/Users/sebastiankravetz/+ DEV/PRUEBA_BANCOINTERNACIONAL/word_count_app/vite_frontend/src/components/LoadingSpinner.jsx","statementMap":{"0":{"start":{"line":4,"column":2},"end":{"line":4,"column":56}}},"fnMap":{"0":{"name":"LoadingSpinner","decl":{"start":{"line":3,"column":16},"end":{"line":3,"column":30}},"loc":{"start":{"line":3,"column":33},"end":{"line":5,"column":1}},"line":3}},"branchMap":{},"s":{"0":1},"f":{"0":1},"b":{},"_coverageSchema":"1a1c01bbd47fc00a2c39e90264f33305004495a9","hash":"1bca6ac497fae1d69cb85b860827a49a90acd1be"}
,"/Users/sebastiankravetz/+ DEV/PRUEBA_BANCOINTERNACIONAL/word_count_app/vite_frontend/src/components/MainTable.jsx": {"path":"/Users/sebastiankravetz/+ DEV/PRUEBA_BANCOINTERNACIONAL/word_count_app/vite_frontend/src/components/MainTable.jsx","statementMap":{"0":{"start":{"line":4,"column":25},"end":{"line":29,"column":1}},"1":{"start":{"line":5,"column":2},"end":{"line":28,"column":4}}},"fnMap":{"0":{"name":"(anonymous_0)","decl":{"start":{"line":4,"column":25},"end":{"line":4,"column":26}},"loc":{"start":{"line":4,"column":53},"end":{"line":29,"column":1}},"line":4}},"branchMap":{"0":{"loc":{"start":{"line":15,"column":9},"end":{"line":25,"column":9}},"type":"cond-expr","locations":[{"start":{"line":16,"column":10},"end":{"line":22,"column":13}},{"start":{"line":24,"column":10},"end":{"line":24,"column":40}}],"line":15}},"s":{"0":2,"1":2},"f":{"0":2},"b":{"0":[1,1]},"_coverageSchema":"1a1c01bbd47fc00a2c39e90264f33305004495a9","hash":"95521d0b229a869efd59f01a2263b5c6cc2d94c8"}
,"/Users/sebastiankravetz/+ DEV/PRUEBA_BANCOINTERNACIONAL/word_count_app/vite_frontend/src/components/NavBarPrincipal.jsx": {"path":"/Users/sebastiankravetz/+ DEV/PRUEBA_BANCOINTERNACIONAL/word_count_app/vite_frontend/src/components/NavBarPrincipal.jsx","statementMap":{"0":{"start":{"line":6,"column":31},"end":{"line":24,"column":1}},"1":{"start":{"line":7,"column":2},"end":{"line":23,"column":4}},"2":{"start":{"line":15,"column":14},"end":{"line":17,"column":25}}},"fnMap":{"0":{"name":"(anonymous_0)","decl":{"start":{"line":6,"column":31},"end":{"line":6,"column":32}},"loc":{"start":{"line":6,"column":37},"end":{"line":24,"column":1}},"line":6},"1":{"name":"(anonymous_1)","decl":{"start":{"line":14,"column":37},"end":{"line":14,"column":38}},"loc":{"start":{"line":15,"column":14},"end":{"line":17,"column":25}},"line":15}},"branchMap":{},"s":{"0":2,"1":0,"2":0},"f":{"0":0,"1":0},"b":{},"_coverageSchema":"1a1c01bbd47fc00a2c39e90264f33305004495a9","hash":"aba0668c321390c27a40910babe2f43e93d5914f"}
,"/Users/sebastiankravetz/+ DEV/PRUEBA_BANCOINTERNACIONAL/word_count_app/vite_frontend/src/components/TableRow.jsx": {"path":"/Users/sebastiankravetz/+ DEV/PRUEBA_BANCOINTERNACIONAL/word_count_app/vite_frontend/src/components/TableRow.jsx","statementMap":{"0":{"start":{"line":4,"column":17},"end":{"line":18,"column":1}},"1":{"start":{"line":5,"column":2},"end":{"line":17,"column":4}},"2":{"start":{"line":8,"column":8},"end":{"line":14,"column":10}},"3":{"start":{"line":20,"column":0},"end":{"line":25,"column":2}}},"fnMap":{"0":{"name":"(anonymous_0)","decl":{"start":{"line":4,"column":17},"end":{"line":4,"column":18}},"loc":{"start":{"line":4,"column":34},"end":{"line":18,"column":1}},"line":4},"1":{"name":"(anonymous_1)","decl":{"start":{"line":7,"column":27},"end":{"line":7,"column":28}},"loc":{"start":{"line":7,"column":64},"end":{"line":15,"column":7}},"line":7}},"branchMap":{},"s":{"0":3,"1":4,"2":6,"3":3},"f":{"0":4,"1":6},"b":{},"_coverageSchema":"1a1c01bbd47fc00a2c39e90264f33305004495a9","hash":"88d1361ea6ee4a3cd1dc826c08e43c408a2f733c"}
,"/Users/sebastiankravetz/+ DEV/PRUEBA_BANCOINTERNACIONAL/word_count_app/vite_frontend/src/components/index.js": {"path":"/Users/sebastiankravetz/+ DEV/PRUEBA_BANCOINTERNACIONAL/word_count_app/vite_frontend/src/components/index.js","statementMap":{},"fnMap":{},"branchMap":{},"s":{},"f":{},"b":{},"_coverageSchema":"1a1c01bbd47fc00a2c39e90264f33305004495a9","hash":"43675dd0da3be022df65be0ceea671f34f38e3dc"}
,"/Users/sebastiankravetz/+ DEV/PRUEBA_BANCOINTERNACIONAL/word_count_app/vite_frontend/src/hooks/useFetch.js": {"path":"/Users/sebastiankravetz/+ DEV/PRUEBA_BANCOINTERNACIONAL/word_count_app/vite_frontend/src/hooks/useFetch.js","statementMap":{"0":{"start":{"line":4,"column":24},"end":{"line":26,"column":1}},"1":{"start":{"line":5,"column":32},"end":{"line":5,"column":75}},"2":{"start":{"line":6,"column":36},"end":{"line":6,"column":50}},"3":{"start":{"line":8,"column":19},"end":{"line":12,"column":3}},"4":{"start":{"line":9,"column":21},"end":{"line":9,"column":51}},"5":{"start":{"line":10,"column":4},"end":{"line":10,"column":25}},"6":{"start":{"line":11,"column":4},"end":{"line":11,"column":24}},"7":{"start":{"line":14,"column":2},"end":{"line":23,"column":47}},"8":{"start":{"line":16,"column":4},"end":{"line":18,"column":12}},"9":{"start":{"line":17,"column":6},"end":{"line":17,"column":41}},"10":{"start":{"line":20,"column":4},"end":{"line":22,"column":6}},"11":{"start":{"line":21,"column":6},"end":{"line":21,"column":25}},"12":{"start":{"line":25,"column":2},"end":{"line":25,"column":30}}},"fnMap":{"0":{"name":"(anonymous_0)","decl":{"start":{"line":4,"column":24},"end":{"line":4,"column":25}},"loc":{"start":{"line":4,"column":77},"end":{"line":26,"column":1}},"line":4},"1":{"name":"(anonymous_1)","decl":{"start":{"line":8,"column":19},"end":{"line":8,"column":20}},"loc":{"start":{"line":8,"column":44},"end":{"line":12,"column":3}},"line":8},"2":{"name":"(anonymous_2)","decl":{"start":{"line":14,"column":12},"end":{"line":14,"column":13}},"loc":{"start":{"line":14,"column":18},"end":{"line":23,"column":3}},"line":14},"3":{"name":"(anonymous_3)","decl":{"start":{"line":16,"column":15},"end":{"line":16,"column":16}},"loc":{"start":{"line":16,"column":21},"end":{"line":18,"column":5}},"line":16},"4":{"name":"(anonymous_4)","decl":{"start":{"line":20,"column":11},"end":{"line":20,"column":12}},"loc":{"start":{"line":20,"column":17},"end":{"line":22,"column":5}},"line":20}},"branchMap":{"0":{"loc":{"start":{"line":4,"column":25},"end":{"line":4,"column":39}},"type":"default-arg","locations":[{"start":{"line":4,"column":38},"end":{"line":4,"column":39}}],"line":4},"1":{"loc":{"start":{"line":4,"column":41},"end":{"line":4,"column":58}},"type":"default-arg","locations":[{"start":{"line":4,"column":56},"end":{"line":4,"column":58}}],"line":4}},"s":{"0":2,"1":3,"2":3,"3":3,"4":2,"5":2,"6":2,"7":3,"8":2,"9":2,"10":2,"11":2,"12":3},"f":{"0":3,"1":2,"2":2,"3":2,"4":2},"b":{"0":[0],"1":[0]},"_coverageSchema":"1a1c01bbd47fc00a2c39e90264f33305004495a9","hash":"f47b1c40e13d24685b499c73e8ffa223255598a2"}
,"/Users/sebastiankravetz/+ DEV/PRUEBA_BANCOINTERNACIONAL/word_count_app/vite_frontend/src/utils/appData.js": {"path":"/Users/sebastiankravetz/+ DEV/PRUEBA_BANCOINTERNACIONAL/word_count_app/vite_frontend/src/utils/appData.js","statementMap":{"0":{"start":{"line":1,"column":20},"end":{"line":17,"column":1}}},"fnMap":{},"branchMap":{},"s":{"0":5},"f":{},"b":{},"_coverageSchema":"1a1c01bbd47fc00a2c39e90264f33305004495a9","hash":"5bdc77f32bdabf7b8d4a25a84a2a7f02823e2b37"}
,"/Users/sebastiankravetz/+ DEV/PRUEBA_BANCOINTERNACIONAL/word_count_app/vite_frontend/src/utils/fetchData.js": {"path":"/Users/sebastiankravetz/+ DEV/PRUEBA_BANCOINTERNACIONAL/word_count_app/vite_frontend/src/utils/fetchData.js","statementMap":{"0":{"start":{"line":3,"column":25},"end":{"line":20,"column":1}},"1":{"start":{"line":4,"column":2},"end":{"line":19,"column":3}},"2":{"start":{"line":5,"column":23},"end":{"line":5,"column":30}},"3":{"start":{"line":6,"column":21},"end":{"line":6,"column":77}},"4":{"start":{"line":7,"column":21},"end":{"line":7,"column":42}},"5":{"start":{"line":9,"column":4},"end":{"line":15,"column":6}},"6":{"start":{"line":13,"column":8},"end":{"line":13,"column":47}},"7":{"start":{"line":17,"column":4},"end":{"line":17,"column":48}},"8":{"start":{"line":18,"column":4},"end":{"line":18,"column":11}}},"fnMap":{"0":{"name":"(anonymous_0)","decl":{"start":{"line":3,"column":25},"end":{"line":3,"column":26}},"loc":{"start":{"line":3,"column":59},"end":{"line":20,"column":1}},"line":3},"1":{"name":"(anonymous_1)","decl":{"start":{"line":12,"column":32},"end":{"line":12,"column":33}},"loc":{"start":{"line":12,"column":69},"end":{"line":14,"column":7}},"line":12}},"branchMap":{"0":{"loc":{"start":{"line":3,"column":32},"end":{"line":3,"column":42}},"type":"default-arg","locations":[{"start":{"line":3,"column":41},"end":{"line":3,"column":42}}],"line":3},"1":{"loc":{"start":{"line":3,"column":44},"end":{"line":3,"column":54}},"type":"default-arg","locations":[{"start":{"line":3,"column":52},"end":{"line":3,"column":54}}],"line":3}},"s":{"0":3,"1":6,"2":6,"3":6,"4":6,"5":6,"6":74,"7":0,"8":0},"f":{"0":6,"1":74},"b":{"0":[1],"1":[1]},"_coverageSchema":"1a1c01bbd47fc00a2c39e90264f33305004495a9","hash":"eb7fc361b2ca98722f601ef64d111c2d2ffc5ff9"}
}
